-------------------------------------------------------------------------------
Test set: cn.muzisheng.pear.controllerTest.UserControllerTest.LoginTests
-------------------------------------------------------------------------------
Tests run: 5, Failures: 0, Errors: 2, Skipped: 0, Time elapsed: 6.182 s <<< FAILURE! -- in cn.muzisheng.pear.controllerTest.UserControllerTest.LoginTests
cn.muzisheng.pear.controllerTest.UserControllerTest.LoginTests.login_WrongDecodeHashToken_Expired -- Time elapsed: 0.235 s <<< ERROR!
org.mockito.exceptions.misusing.UnnecessaryStubbingException: 

Unnecessary stubbings detected.
Clean & maintainable test code requires zero unnecessary code.
Following stubbings are unnecessary (click to navigate to relevant line of code):
  1. -> at cn.muzisheng.pear.controllerTest.UserControllerTest.LoginTests.login_WrongDecodeHashToken_Expired(LoginTests.java:96)
Please remove unnecessary stubbings or use 'lenient' strictness. More info: javadoc for UnnecessaryStubbingException class.
	at org.mockito.junit.jupiter.MockitoExtension.afterEach(MockitoExtension.java:197)
	at java.base/java.util.ArrayList.forEach(ArrayList.java:1596)
	at java.base/java.util.ArrayList.forEach(ArrayList.java:1596)

cn.muzisheng.pear.controllerTest.UserControllerTest.LoginTests.login_InvalidUser -- Time elapsed: 0.024 s <<< ERROR!
org.mockito.exceptions.misusing.UnnecessaryStubbingException: 

Unnecessary stubbings detected.
Clean & maintainable test code requires zero unnecessary code.
Following stubbings are unnecessary (click to navigate to relevant line of code):
  1. -> at cn.muzisheng.pear.controllerTest.UserControllerTest.LoginTests.login_InvalidUser(LoginTests.java:84)
Please remove unnecessary stubbings or use 'lenient' strictness. More info: javadoc for UnnecessaryStubbingException class.
	at org.mockito.junit.jupiter.MockitoExtension.afterEach(MockitoExtension.java:197)
	at java.base/java.util.ArrayList.forEach(ArrayList.java:1596)
	at java.base/java.util.ArrayList.forEach(ArrayList.java:1596)

