<?xml version="1.0" encoding="UTF-8"?>
<testsuite xmlns:xsi="http://www.w3.org/2001/XMLSchema-instance" xsi:noNamespaceSchemaLocation="https://maven.apache.org/surefire/maven-surefire-plugin/xsd/surefire-test-report-3.0.xsd" version="3.0" name="cn.muzisheng.pear.serviceTest.ConfigServiceTests$GetIntegerEnvTests" time="0.034" tests="2" errors="0" skipped="0" failures="0">
  <properties>
[...]
</properties>
  <testcase name="getBoolEnv_Normal" classname="cn.muzisheng.pear.serviceTest.ConfigServiceTests$GetIntegerEnvTests" time="0.011">
    <system-out><![CDATA[2025-01-22 22:00:09.447 &amp#27;[34mINFO &amp#27;[0;39m &amp#27;[30mmain&amp#27;[0;39m  &amp#27;[32mo.s.test.context.support.AnnotationConfigContextLoaderUtils-83&amp#27;[0;39m         &amp#27;[34mCould not detect default configuration classes for test class [cn.muzisheng.pear.serviceTest.ConfigServiceTests$GetIntegerEnvTests]: GetIntegerEnvTests does not declare any static, non-private, non-final, nested classes annotated with @Configuration.&amp#27;[0;39m &amp#27;[34m&amp#27;[0;39m 
2025-01-22 22:00:09.450 &amp#27;[34mINFO &amp#27;[0;39m &amp#27;[30mmain&amp#27;[0;39m  &amp#27;[32mo.springframework.boot.test.context.SpringBootTestContextBootstrapper-234&amp#27;[0;39m &amp#27;[34mFound @SpringBootConfiguration cn.muzisheng.pear.Application for test class cn.muzisheng.pear.serviceTest.ConfigServiceTests$GetIntegerEnvTests&amp#27;[0;39m &amp#27;[34m&amp#27;[0;39m 
]]></system-out>
  </testcase>
  <testcase name="getBoolEnv_Error" classname="cn.muzisheng.pear.serviceTest.ConfigServiceTests$GetIntegerEnvTests" time="0.014"/>
</testsuite>